<?xml version="1.0" encoding="UTF-8"?>
<!-- Generated by org.testng.reporters.JUnitXMLReporter -->
<testsuite ignored="0" hostname="DESKTOP-H4087GT" failures="3" tests="6" name="Test1" time="53.244" errors="0" timestamp="2023-12-12T22:17:01 IST">
  <testcase classname="testNGBasic.SoftAssert_Example" name="@BeforeMethod launchingSite" time="2.102">
    <failure type="org.openqa.selenium.WebDriverException" message="no such execution context
  (Session info: chrome=120.0.6099.71)
Build info: version: &amp;apos;4.13.0&amp;apos;, revision: &amp;apos;ba948ece5b*&amp;apos;
System info: os.name: &amp;apos;Windows 11&amp;apos;, os.arch: &amp;apos;amd64&amp;apos;, os.version: &amp;apos;10.0&amp;apos;, java.version: &amp;apos;17.0.7&amp;apos;
Driver info: org.openqa.selenium.chrome.ChromeDriver
Command: [c412db8987bbd92a9f2808d5b81eef87, get {url=https://demowebshop.tricentis.com/login}]
Capabilities {acceptInsecureCerts: false, browserName: chrome, browserVersion: 120.0.6099.71, chrome: {chromedriverVersion: 120.0.6099.71 (9729082fe617..., userDataDir: C:\Users\DELL\AppData\Local...}, fedcm:accounts: true, goog:chromeOptions: {debuggerAddress: localhost:61458}, networkConnectionEnabled: false, pageLoadStrategy: normal, platformName: windows, proxy: Proxy(), se:cdp: ws://localhost:61458/devtoo..., se:cdpVersion: 120.0.6099.71, setWindowRect: true, strictFileInteractability: false, timeouts: {implicit: 0, pageLoad: 300000, script: 30000}, unhandledPromptBehavior: dismiss and notify, webauthn:extension:credBlob: true, webauthn:extension:largeBlob: true, webauthn:extension:minPinLength: true, webauthn:extension:prf: true, webauthn:virtualAuthenticators: true}
Session ID: c412db8987bbd92a9f2808d5b81eef87">
      <![CDATA[org.openqa.selenium.WebDriverException: no such execution context
  (Session info: chrome=120.0.6099.71)
Build info: version: '4.13.0', revision: 'ba948ece5b*'
System info: os.name: 'Windows 11', os.arch: 'amd64', os.version: '10.0', java.version: '17.0.7'
Driver info: org.openqa.selenium.chrome.ChromeDriver
Command: [c412db8987bbd92a9f2808d5b81eef87, get {url=https://demowebshop.tricentis.com/login}]
Capabilities {acceptInsecureCerts: false, browserName: chrome, browserVersion: 120.0.6099.71, chrome: {chromedriverVersion: 120.0.6099.71 (9729082fe617..., userDataDir: C:\Users\DELL\AppData\Local...}, fedcm:accounts: true, goog:chromeOptions: {debuggerAddress: localhost:61458}, networkConnectionEnabled: false, pageLoadStrategy: normal, platformName: windows, proxy: Proxy(), se:cdp: ws://localhost:61458/devtoo..., se:cdpVersion: 120.0.6099.71, setWindowRect: true, strictFileInteractability: false, timeouts: {implicit: 0, pageLoad: 300000, script: 30000}, unhandledPromptBehavior: dismiss and notify, webauthn:extension:credBlob: true, webauthn:extension:largeBlob: true, webauthn:extension:minPinLength: true, webauthn:extension:prf: true, webauthn:virtualAuthenticators: true}
Session ID: c412db8987bbd92a9f2808d5b81eef87
at org.openqa.selenium.remote.codec.w3c.W3CHttpResponseCodec.createException(W3CHttpResponseCodec.java:200)
at org.openqa.selenium.remote.codec.w3c.W3CHttpResponseCodec.decode(W3CHttpResponseCodec.java:133)
at org.openqa.selenium.remote.codec.w3c.W3CHttpResponseCodec.decode(W3CHttpResponseCodec.java:52)
at org.openqa.selenium.remote.HttpCommandExecutor.execute(HttpCommandExecutor.java:191)
at org.openqa.selenium.remote.service.DriverCommandExecutor.invokeExecute(DriverCommandExecutor.java:196)
at org.openqa.selenium.remote.service.DriverCommandExecutor.execute(DriverCommandExecutor.java:171)
at org.openqa.selenium.remote.RemoteWebDriver.execute(RemoteWebDriver.java:602)
at org.openqa.selenium.remote.RemoteWebDriver.get(RemoteWebDriver.java:304)
at testNGBasic.SoftAssert_Example.launchingSite(SoftAssert_Example.java:22)
at java.base/java.util.ArrayList.forEach(ArrayList.java:1511)
at java.base/java.util.concurrent.FutureTask.run(FutureTask.java:264)
at java.base/java.util.concurrent.ThreadPoolExecutor.runWorker(ThreadPoolExecutor.java:1136)
at java.base/java.util.concurrent.ThreadPoolExecutor$Worker.run(ThreadPoolExecutor.java:635)
at java.base/java.lang.Thread.run(Thread.java:833)
... Removed 26 stack frames]]>
    </failure>
  </testcase> <!-- @BeforeMethod launchingSite -->
  <testcase classname="testNGBasic.SoftAssert_Example" name="@AfterMethod closeBrowser" time="0.0">
    <skipped/>
  </testcase> <!-- @AfterMethod closeBrowser -->
  <testcase classname="testNGBasic.SoftAssert_Example" name="@BeforeMethod launchingSite" time="0.0">
    <skipped/>
  </testcase> <!-- @BeforeMethod launchingSite -->
  <testcase classname="testNGBasic.SoftAssert_Example" name="@AfterMethod closeBrowser" time="0.0">
    <skipped/>
  </testcase> <!-- @AfterMethod closeBrowser -->
  <testcase classname="testNGBasic.SoftAssert_Example" name="@BeforeMethod launchingSite" time="0.0">
    <skipped/>
  </testcase> <!-- @BeforeMethod launchingSite -->
  <testcase classname="testNGBasic.SoftAssert_Example" name="@AfterMethod closeBrowser" time="0.0">
    <skipped/>
  </testcase> <!-- @AfterMethod closeBrowser -->
  <testcase classname="testNGBasic.DataProvider_Example" name="verifyuserNamePassword" time="0.76"/>
  <testcase classname="testNGBasic.DataProvider_Example" name="verifyuserNamePassword" time="0.412"/>
  <testcase classname="testNGBasic.DataProvider_Example" name="verifyuserNamePassword" time="0.329"/>
  <testcase classname="testNGBasic.SoftAssert_Example" name="verifyStatusOfRememberMeCb" time="0.135">
    <failure type="java.lang.AssertionError" message="The following asserts failed:
	expected [Remember ?] but found [Remember me?]">
      <![CDATA[java.lang.AssertionError: The following asserts failed:
expected [Remember ?] but found [Remember me?]
at testNGBasic.SoftAssert_Example.verifyStatusOfRememberMeCb(SoftAssert_Example.java:35)
at java.base/java.util.ArrayList.forEach(ArrayList.java:1511)
at java.base/java.util.concurrent.FutureTask.run(FutureTask.java:264)
at java.base/java.util.concurrent.ThreadPoolExecutor.runWorker(ThreadPoolExecutor.java:1136)
at java.base/java.util.concurrent.ThreadPoolExecutor$Worker.run(ThreadPoolExecutor.java:635)
at java.base/java.lang.Thread.run(Thread.java:833)
... Removed 19 stack frames]]>
    </failure>
  </testcase> <!-- verifyStatusOfRememberMeCb -->
  <testcase classname="testNGBasic.SoftAssert_Example" name="verifyStatusOfRememberMeCb" time="0.139">
    <failure type="java.lang.AssertionError" message="The following asserts failed:
	expected [Remember ?] but found [Remember me?],
	expected [Remember ?] but found [Remember me?]">
      <![CDATA[java.lang.AssertionError: The following asserts failed:
expected [Remember ?] but found [Remember me?],
expected [Remember ?] but found [Remember me?]
at testNGBasic.SoftAssert_Example.verifyStatusOfRememberMeCb(SoftAssert_Example.java:35)
at java.base/java.util.ArrayList.forEach(ArrayList.java:1511)
at java.base/java.util.concurrent.FutureTask.run(FutureTask.java:264)
at java.base/java.util.concurrent.ThreadPoolExecutor.runWorker(ThreadPoolExecutor.java:1136)
at java.base/java.util.concurrent.ThreadPoolExecutor$Worker.run(ThreadPoolExecutor.java:635)
at java.base/java.lang.Thread.run(Thread.java:833)
... Removed 19 stack frames]]>
    </failure>
  </testcase> <!-- verifyStatusOfRememberMeCb -->
  <testcase classname="testNGBasic.SoftAssert_Example" name="verifyStatusOfRememberMeCb" time="0.125">
    <failure type="java.lang.AssertionError" message="The following asserts failed:
	expected [Remember ?] but found [Remember me?],
	expected [Remember ?] but found [Remember me?],
	expected [Remember ?] but found [Remember me?]">
      <![CDATA[java.lang.AssertionError: The following asserts failed:
expected [Remember ?] but found [Remember me?],
expected [Remember ?] but found [Remember me?],
expected [Remember ?] but found [Remember me?]
at testNGBasic.SoftAssert_Example.verifyStatusOfRememberMeCb(SoftAssert_Example.java:35)
at java.base/java.util.ArrayList.forEach(ArrayList.java:1511)
at java.base/java.util.concurrent.FutureTask.run(FutureTask.java:264)
at java.base/java.util.concurrent.ThreadPoolExecutor.runWorker(ThreadPoolExecutor.java:1136)
at java.base/java.util.concurrent.ThreadPoolExecutor$Worker.run(ThreadPoolExecutor.java:635)
at java.base/java.lang.Thread.run(Thread.java:833)
... Removed 19 stack frames]]>
    </failure>
  </testcase> <!-- verifyStatusOfRememberMeCb -->
</testsuite> <!-- Test1 -->
