<?xml version="1.0" encoding="UTF-8"?>
<!-- Generated by org.testng.reporters.JUnitXMLReporter -->
<testsuite ignored="0" hostname="DESKTOP-H4087GT" failures="1" tests="3" name="Test3" time="33.978" errors="0" timestamp="2023-12-12T22:16:42 IST">
  <testcase classname="testNGBasic.ToolTip_Assignmnt" name="verifyBg" time="0.192">
    <failure type="java.lang.AssertionError" message="expected [#28a745] but found [rgba(40, 167, 69, 1)]">
      <![CDATA[java.lang.AssertionError: expected [#28a745] but found [rgba(40, 167, 69, 1)]
at testNGBasic.ToolTip_Assignmnt.verifyBg(ToolTip_Assignmnt.java:44)
at java.base/java.util.ArrayList.forEach(ArrayList.java:1511)
at java.base/java.util.concurrent.FutureTask.run(FutureTask.java:264)
at java.base/java.util.concurrent.ThreadPoolExecutor.runWorker(ThreadPoolExecutor.java:1136)
at java.base/java.util.concurrent.ThreadPoolExecutor$Worker.run(ThreadPoolExecutor.java:635)
at java.base/java.lang.Thread.run(Thread.java:833)
... Removed 23 stack frames]]>
    </failure>
  </testcase> <!-- verifyBg -->
  <testcase classname="testNGBasic.ToolTip_Assignmnt" name="verifyTextOfBtn" time="0.163"/>
  <testcase classname="testNGBasic.ToolTip_Assignmnt" name="verifyToolTip" time="0.765"/>
</testsuite> <!-- Test3 -->
